#-----------------------------------------------------------
# Vivado v2019.2 (64-bit)
# SW Build 2708876 on Wed Nov  6 21:40:23 MST 2019
# IP Build 2700528 on Thu Nov  7 00:09:20 MST 2019
# Start of session at: Wed Feb 17 15:53:11 2021
# Process ID: 11872
# Current directory: C:/Users/DOMINGOS Jeremy/Documents/Cours/S4/EN224-Test-et-verification/2_Hardware/Etape_1/vivado/PGCD
# Command line: vivado.exe -gui_launcher_event rodinguilauncherevent11520 C:\Users\DOMINGOS Jeremy\Documents\Cours\S4\EN224-Test-et-verification\2_Hardware\Etape_1\vivado\PGCD\PGCD.xpr
# Log file: C:/Users/DOMINGOS Jeremy/Documents/Cours/S4/EN224-Test-et-verification/2_Hardware/Etape_1/vivado/PGCD/vivado.log
# Journal file: C:/Users/DOMINGOS Jeremy/Documents/Cours/S4/EN224-Test-et-verification/2_Hardware/Etape_1/vivado/PGCD\vivado.jou
#-----------------------------------------------------------
start_gui
open_project {C:/Users/DOMINGOS Jeremy/Documents/Cours/S4/EN224-Test-et-verification/2_Hardware/Etape_1/vivado/PGCD/PGCD.xpr}
INFO: [ProjectBase 1-489] The host OS only allows 260 characters in a normal path. The project is stored in a path with more than 80 characters. If you experience issues with IP, Block Designs, or files not being found, please consider moving the project to a location with a shorter path. Alternately consider using the OS subst command to map part of the path to a drive letter.
Current project path is 'C:/Users/DOMINGOS Jeremy/Documents/Cours/S4/EN224-Test-et-verification/2_Hardware/Etape_1/vivado/PGCD'
Scanning sources...
Finished scanning sources
INFO: [IP_Flow 19-234] Refreshing IP repositories
INFO: [IP_Flow 19-1704] No user IP repositories specified
INFO: [IP_Flow 19-2313] Loaded Vivado IP repository 'C:/Xilinx/Vivado/2019.2/data/ip'.
open_project: Time (s): cpu = 00:00:09 ; elapsed = 00:00:06 . Memory (MB): peak = 856.840 ; gain = 227.668
update_compile_order -fileset sources_1
close_project
open_project -read_only {C:/Users/DOMINGOS Jeremy/Documents/Cours/S4/EN224-Test-et-verification/2_Hardware/Etape_2/PGCD_e/PGCD_e.xpr}
INFO: [ProjectBase 1-489] The host OS only allows 260 characters in a normal path. The project is stored in a path with more than 80 characters. If you experience issues with IP, Block Designs, or files not being found, please consider moving the project to a location with a shorter path. Alternately consider using the OS subst command to map part of the path to a drive letter.
Current project path is 'C:/Users/DOMINGOS Jeremy/Documents/Cours/S4/EN224-Test-et-verification/2_Hardware/Etape_2/PGCD_e'
INFO: [Project 1-313] Project file moved from '/net/s/jdomingos/Documents/S4/EN224-Test-et-verification/2_Hardware/Etape_2/PGCD_e' since last save.
Scanning sources...
Finished scanning sources
WARNING: [Project 1-229] Project 'PGCD_e.xpr' is read-only and therefore could not be upgraded for this version of Vivado.  Use 'File | Save Project As...' if you wish to save an upgraded copy.
INFO: [IP_Flow 19-234] Refreshing IP repositories
INFO: [IP_Flow 19-1704] No user IP repositories specified
INFO: [IP_Flow 19-2313] Loaded Vivado IP repository 'C:/Xilinx/Vivado/2019.2/data/ip'.
update_compile_order -fileset sources_1
exit
INFO: [Common 17-206] Exiting Vivado at Wed Feb 17 16:42:42 2021...
